Flow report for singlecycle
Thu Jan 31 16:24:21 2019
Quartus II 32-bit Version 13.0.1 Build 232 06/12/2013 Service Pack 1 SJ Full Version


---------------------
; Table of Contents ;
---------------------
  1. Legal Notice
  2. Flow Summary
  3. Flow Settings
  4. Flow Non-Default Global Settings
  5. Flow Elapsed Time
  6. Flow OS Summary
  7. Flow Log
  8. Flow Messages
  9. Flow Suppressed Messages



----------------
; Legal Notice ;
----------------
Copyright (C) 1991-2013 Altera Corporation
Your use of Altera Corporation's design tools, logic functions 
and other software and tools, and its AMPP partner logic 
functions, and any output files from any of the foregoing 
(including device programming or simulation files), and any 
associated documentation or information are expressly subject 
to the terms and conditions of the Altera Program License 
Subscription Agreement, Altera MegaCore Function License 
Agreement, or other applicable license agreement, including, 
without limitation, that your use is for the sole purpose of 
programming logic devices manufactured by Altera and sold by 
Altera or its authorized distributors.  Please refer to the 
applicable agreement for further details.



+---------------------------------------------------------------------------------------+
; Flow Summary                                                                          ;
+------------------------------------+--------------------------------------------------+
; Flow Status                        ; Successful - Thu Jan 31 16:24:07 2019            ;
; Quartus II 32-bit Version          ; 13.0.1 Build 232 06/12/2013 SP 1 SJ Full Version ;
; Revision Name                      ; singlecycle                                      ;
; Top-level Entity Name              ; system_fpga                                      ;
; Family                             ; Cyclone IV E                                     ;
; Device                             ; EP4CE115F29C7                                    ;
; Timing Models                      ; Final                                            ;
; Total logic elements               ; 5,402 / 114,480 ( 5 % )                          ;
;     Total combinational functions  ; 4,005 / 114,480 ( 3 % )                          ;
;     Dedicated logic registers      ; 3,578 / 114,480 ( 3 % )                          ;
; Total registers                    ; 3578                                             ;
; Total pins                         ; 106 / 529 ( 20 % )                               ;
; Total virtual pins                 ; 0                                                ;
; Total memory bits                  ; 546,304 / 3,981,312 ( 14 % )                     ;
; Embedded Multiplier 9-bit elements ; 0 / 532 ( 0 % )                                  ;
; Total PLLs                         ; 0 / 4 ( 0 % )                                    ;
+------------------------------------+--------------------------------------------------+


+-----------------------------------------+
; Flow Settings                           ;
+-------------------+---------------------+
; Option            ; Setting             ;
+-------------------+---------------------+
; Start date & time ; 01/31/2019 15:27:12 ;
; Main task         ; Compilation         ;
; Revision Name     ; singlecycle         ;
+-------------------+---------------------+


+---------------------------------------------------------------------------------------------------------------------------------------------+
; Flow Non-Default Global Settings                                                                                                            ;
+-------------------------------------+-------------------------------------------------+---------------+------------------------+------------+
; Assignment Name                     ; Value                                           ; Default Value ; Entity Name            ; Section Id ;
+-------------------------------------+-------------------------------------------------+---------------+------------------------+------------+
; COMPILER_SIGNATURE_ID               ; 268891674130433.154896643103278                 ; --            ; --                     ; --         ;
; MAX_CORE_JUNCTION_TEMP              ; 85                                              ; --            ; --                     ; --         ;
; MIN_CORE_JUNCTION_TEMP              ; 0                                               ; --            ; --                     ; --         ;
; NOMINAL_CORE_SUPPLY_VOLTAGE         ; 1.2V                                            ; --            ; --                     ; --         ;
; PARTITION_COLOR                     ; 16764057                                        ; --            ; DE2_115_Basic_Computer ; Top        ;
; PARTITION_COLOR                     ; 16764057                                        ; --            ; system_fpga            ; Top        ;
; PARTITION_FITTER_PRESERVATION_LEVEL ; PLACEMENT_AND_ROUTING                           ; --            ; DE2_115_Basic_Computer ; Top        ;
; PARTITION_FITTER_PRESERVATION_LEVEL ; PLACEMENT_AND_ROUTING                           ; --            ; system_fpga            ; Top        ;
; PARTITION_NETLIST_TYPE              ; SOURCE                                          ; --            ; DE2_115_Basic_Computer ; Top        ;
; PARTITION_NETLIST_TYPE              ; SOURCE                                          ; --            ; system_fpga            ; Top        ;
; PROJECT_OUTPUT_DIRECTORY            ; output_files                                    ; --            ; --                     ; --         ;
; SEARCH_PATH                         ; /home/ecegrid/a/mg264/ece437/processors/include ; --            ; --                     ; --         ;
; TOP_LEVEL_ENTITY                    ; system_fpga                                     ; singlecycle   ; --                     ; --         ;
+-------------------------------------+-------------------------------------------------+---------------+------------------------+------------+


+-------------------------------------------------------------------------------------------------------------------------------+
; Flow Elapsed Time                                                                                                             ;
+---------------------------+--------------+-------------------------+---------------------+------------------------------------+
; Module Name               ; Elapsed Time ; Average Processors Used ; Peak Virtual Memory ; Total CPU Time (on all processors) ;
+---------------------------+--------------+-------------------------+---------------------+------------------------------------+
; Analysis & Synthesis      ; 00:00:14     ; 1.0                     ; 430 MB              ; 00:00:10                           ;
; Fitter                    ; 00:00:23     ; 2.0                     ; 802 MB              ; 00:00:28                           ;
; Assembler                 ; 00:00:05     ; 1.0                     ; 353 MB              ; 00:00:05                           ;
; TimeQuest Timing Analyzer ; 00:00:10     ; 1.0                     ; 477 MB              ; 00:00:08                           ;
; Analysis & Synthesis      ; 00:00:22     ; 1.4                     ; 426 MB              ; 00:00:15                           ;
; Partition Merge           ; 00:00:02     ; 1.0                     ; 357 MB              ; 00:00:02                           ;
; Fitter                    ; 00:00:30     ; 1.2                     ; 972 MB              ; 00:00:35                           ;
; Assembler                 ; 00:00:06     ; 1.0                     ; 354 MB              ; 00:00:05                           ;
; TimeQuest Timing Analyzer ; 00:00:11     ; 1.0                     ; 506 MB              ; 00:00:09                           ;
; Analysis & Synthesis      ; 00:00:09     ; 1.0                     ; 408 MB              ; 00:00:05                           ;
; Partition Merge           ; 00:00:02     ; 1.0                     ; 354 MB              ; 00:00:02                           ;
; Fitter                    ; 00:00:24     ; 1.5                     ; 838 MB              ; 00:00:30                           ;
; Assembler                 ; 00:00:06     ; 1.0                     ; 358 MB              ; 00:00:05                           ;
; TimeQuest Timing Analyzer ; 00:00:11     ; 1.0                     ; 492 MB              ; 00:00:09                           ;
; Analysis & Synthesis      ; 00:00:26     ; 1.5                     ; 439 MB              ; 00:00:23                           ;
; Partition Merge           ; 00:00:02     ; 1.0                     ; 360 MB              ; 00:00:02                           ;
; Fitter                    ; 00:00:25     ; 1.9                     ; 840 MB              ; 00:00:31                           ;
; Assembler                 ; 00:00:06     ; 1.0                     ; 367 MB              ; 00:00:05                           ;
; TimeQuest Timing Analyzer ; 00:00:12     ; 1.3                     ; 506 MB              ; 00:00:09                           ;
; Analysis & Synthesis      ; 00:00:30     ; 1.6                     ; 439 MB              ; 00:00:25                           ;
; Partition Merge           ; 00:00:02     ; 1.0                     ; 358 MB              ; 00:00:02                           ;
; Fitter                    ; 00:00:30     ; 1.6                     ; 966 MB              ; 00:00:36                           ;
; Assembler                 ; 00:00:06     ; 1.0                     ; 371 MB              ; 00:00:05                           ;
; TimeQuest Timing Analyzer ; 00:00:12     ; 1.0                     ; 510 MB              ; 00:00:09                           ;
; Total                     ; 00:05:26     ; --                      ; --                  ; 00:05:15                           ;
+---------------------------+--------------+-------------------------+---------------------+------------------------------------+


+---------------------------------------------------------------------------------------------+
; Flow OS Summary                                                                             ;
+---------------------------+-------------------------+---------+------------+----------------+
; Module Name               ; Machine Hostname        ; OS Name ; OS Version ; Processor type ;
+---------------------------+-------------------------+---------+------------+----------------+
; Analysis & Synthesis      ; cparch05.ecn.purdue.edu ; Red Hat ; 6          ; x86_64         ;
; Fitter                    ; cparch05.ecn.purdue.edu ; Red Hat ; 6          ; x86_64         ;
; Assembler                 ; cparch05.ecn.purdue.edu ; Red Hat ; 6          ; x86_64         ;
; TimeQuest Timing Analyzer ; cparch05.ecn.purdue.edu ; Red Hat ; 6          ; x86_64         ;
; Analysis & Synthesis      ; cparch05.ecn.purdue.edu ; Red Hat ; 6          ; x86_64         ;
; Partition Merge           ; cparch05.ecn.purdue.edu ; Red Hat ; 6          ; x86_64         ;
; Fitter                    ; cparch05.ecn.purdue.edu ; Red Hat ; 6          ; x86_64         ;
; Assembler                 ; cparch05.ecn.purdue.edu ; Red Hat ; 6          ; x86_64         ;
; TimeQuest Timing Analyzer ; cparch05.ecn.purdue.edu ; Red Hat ; 6          ; x86_64         ;
; Analysis & Synthesis      ; cparch05.ecn.purdue.edu ; Red Hat ; 6          ; x86_64         ;
; Partition Merge           ; cparch05.ecn.purdue.edu ; Red Hat ; 6          ; x86_64         ;
; Fitter                    ; cparch05.ecn.purdue.edu ; Red Hat ; 6          ; x86_64         ;
; Assembler                 ; cparch05.ecn.purdue.edu ; Red Hat ; 6          ; x86_64         ;
; TimeQuest Timing Analyzer ; cparch05.ecn.purdue.edu ; Red Hat ; 6          ; x86_64         ;
; Analysis & Synthesis      ; cparch05.ecn.purdue.edu ; Red Hat ; 6          ; x86_64         ;
; Partition Merge           ; cparch05.ecn.purdue.edu ; Red Hat ; 6          ; x86_64         ;
; Fitter                    ; cparch05.ecn.purdue.edu ; Red Hat ; 6          ; x86_64         ;
; Assembler                 ; cparch05.ecn.purdue.edu ; Red Hat ; 6          ; x86_64         ;
; TimeQuest Timing Analyzer ; cparch05.ecn.purdue.edu ; Red Hat ; 6          ; x86_64         ;
; Analysis & Synthesis      ; cparch05.ecn.purdue.edu ; Red Hat ; 6          ; x86_64         ;
; Partition Merge           ; cparch05.ecn.purdue.edu ; Red Hat ; 6          ; x86_64         ;
; Fitter                    ; cparch05.ecn.purdue.edu ; Red Hat ; 6          ; x86_64         ;
; Assembler                 ; cparch05.ecn.purdue.edu ; Red Hat ; 6          ; x86_64         ;
; TimeQuest Timing Analyzer ; cparch05.ecn.purdue.edu ; Red Hat ; 6          ; x86_64         ;
+---------------------------+-------------------------+---------+------------+----------------+


------------
; Flow Log ;
------------
quartus_map --read_settings_files=on --write_settings_files=off singlecycle -c singlecycle
quartus_fit --read_settings_files=off --write_settings_files=off singlecycle -c singlecycle
quartus_asm --read_settings_files=off --write_settings_files=off singlecycle -c singlecycle
quartus_sta singlecycle -c singlecycle
quartus_map --read_settings_files=on --write_settings_files=off singlecycle -c singlecycle
quartus_cdb --read_settings_files=off --write_settings_files=off singlecycle -c singlecycle --merge=on
quartus_fit --read_settings_files=off --write_settings_files=off singlecycle -c singlecycle
quartus_asm --read_settings_files=off --write_settings_files=off singlecycle -c singlecycle
quartus_sta singlecycle -c singlecycle
quartus_map --read_settings_files=on --write_settings_files=off singlecycle -c singlecycle
quartus_cdb --read_settings_files=off --write_settings_files=off singlecycle -c singlecycle --merge=on
quartus_fit --read_settings_files=off --write_settings_files=off singlecycle -c singlecycle
quartus_asm --read_settings_files=off --write_settings_files=off singlecycle -c singlecycle
quartus_sta singlecycle -c singlecycle
quartus_map --read_settings_files=on --write_settings_files=off singlecycle -c singlecycle
quartus_cdb --read_settings_files=off --write_settings_files=off singlecycle -c singlecycle --merge=on
quartus_fit --read_settings_files=off --write_settings_files=off singlecycle -c singlecycle
quartus_asm --read_settings_files=off --write_settings_files=off singlecycle -c singlecycle
quartus_sta singlecycle -c singlecycle
quartus_map --read_settings_files=on --write_settings_files=off singlecycle -c singlecycle
quartus_cdb --read_settings_files=off --write_settings_files=off singlecycle -c singlecycle --merge=on
quartus_fit --read_settings_files=off --write_settings_files=off singlecycle -c singlecycle
quartus_asm --read_settings_files=off --write_settings_files=off singlecycle -c singlecycle
quartus_sta singlecycle -c singlecycle



